<?xml version="1.0" encoding="UTF-8"?>
<testng-results skipped="0" failed="2" ignored="6" total="15" passed="7">
  <reporter-output>
  </reporter-output>
  <suite name="Suite" duration-ms="278371" started-at="2020-05-07T12:39:24 IST" finished-at="2020-05-07T12:44:02 IST">
    <groups>
    </groups>
    <test name="Test" duration-ms="278371" started-at="2020-05-07T12:39:24 IST" finished-at="2020-05-07T12:44:02 IST">
      <class name="website.tests.HomeTest">
        <test-method status="PASS" signature="initBaseConfig()[pri:0, instance:website.tests.HomeTest@578486a3]" name="initBaseConfig" is-config="true" duration-ms="76" started-at="2020-05-07T12:39:24 IST" finished-at="2020-05-07T12:39:24 IST">
          <reporter-output>
          </reporter-output>
        </test-method> <!-- initBaseConfig -->
        <test-method status="PASS" signature="setUp(java.lang.String)[pri:0, instance:website.tests.HomeTest@578486a3]" name="setUp" is-config="true" duration-ms="16761" started-at="2020-05-07T12:39:24 IST" finished-at="2020-05-07T12:39:40 IST">
          <params>
            <param index="0">
              <value>
                <![CDATA[chrome]]>
              </value>
            </param>
          </params>
          <reporter-output>
          </reporter-output>
        </test-method> <!-- setUp -->
        <test-method status="PASS" signature="verifyHomePage()[pri:0, instance:website.tests.HomeTest@578486a3]" name="verifyHomePage" duration-ms="9" started-at="2020-05-07T12:39:40 IST" finished-at="2020-05-07T12:39:41 IST">
          <reporter-output>
          </reporter-output>
        </test-method> <!-- verifyHomePage -->
        <test-method status="PASS" signature="teardown(org.testng.ITestResult)[pri:0, instance:website.tests.HomeTest@578486a3]" name="teardown" is-config="true" duration-ms="225" started-at="2020-05-07T12:39:41 IST" finished-at="2020-05-07T12:39:41 IST">
          <params>
            <param index="0">
              <value>
                <![CDATA[[TestResult name=verifyHomePage status=SUCCESS method=HomeTest.verifyHomePage()[pri:0, instance:website.tests.HomeTest@578486a3] output={null}]]]>
              </value>
            </param>
          </params>
          <reporter-output>
          </reporter-output>
        </test-method> <!-- teardown -->
        <test-method status="PASS" signature="verifyLabels()[pri:1, instance:website.tests.HomeTest@578486a3]" name="verifyLabels" duration-ms="361" started-at="2020-05-07T12:39:41 IST" finished-at="2020-05-07T12:39:41 IST">
          <reporter-output>
          </reporter-output>
        </test-method> <!-- verifyLabels -->
        <test-method status="PASS" signature="teardown(org.testng.ITestResult)[pri:0, instance:website.tests.HomeTest@578486a3]" name="teardown" is-config="true" duration-ms="34" started-at="2020-05-07T12:39:41 IST" finished-at="2020-05-07T12:39:41 IST">
          <params>
            <param index="0">
              <value>
                <![CDATA[[TestResult name=verifyLabels status=SUCCESS method=HomeTest.verifyLabels()[pri:1, instance:website.tests.HomeTest@578486a3] output={null}]]]>
              </value>
            </param>
          </params>
          <reporter-output>
          </reporter-output>
        </test-method> <!-- teardown -->
        <test-method status="PASS" signature="verifyProducts()[pri:2, instance:website.tests.HomeTest@578486a3]" name="verifyProducts" duration-ms="335" started-at="2020-05-07T12:39:41 IST" finished-at="2020-05-07T12:39:41 IST">
          <reporter-output>
          </reporter-output>
        </test-method> <!-- verifyProducts -->
        <test-method status="PASS" signature="teardown(org.testng.ITestResult)[pri:0, instance:website.tests.HomeTest@578486a3]" name="teardown" is-config="true" duration-ms="39" started-at="2020-05-07T12:39:41 IST" finished-at="2020-05-07T12:39:41 IST">
          <params>
            <param index="0">
              <value>
                <![CDATA[[TestResult name=verifyProducts status=SUCCESS method=HomeTest.verifyProducts()[pri:2, instance:website.tests.HomeTest@578486a3] output={null}]]]>
              </value>
            </param>
          </params>
          <reporter-output>
          </reporter-output>
        </test-method> <!-- teardown -->
        <test-method status="PASS" signature="verifyPartsAndAccessories()[pri:3, instance:website.tests.HomeTest@578486a3]" name="verifyPartsAndAccessories" duration-ms="361" started-at="2020-05-07T12:39:41 IST" finished-at="2020-05-07T12:39:42 IST">
          <reporter-output>
          </reporter-output>
        </test-method> <!-- verifyPartsAndAccessories -->
        <test-method status="PASS" signature="teardown(org.testng.ITestResult)[pri:0, instance:website.tests.HomeTest@578486a3]" name="teardown" is-config="true" duration-ms="35" started-at="2020-05-07T12:39:42 IST" finished-at="2020-05-07T12:39:42 IST">
          <params>
            <param index="0">
              <value>
                <![CDATA[[TestResult name=verifyPartsAndAccessories status=SUCCESS method=HomeTest.verifyPartsAndAccessories()[pri:3, instance:website.tests.HomeTest@578486a3] output={null}]]]>
              </value>
            </param>
          </params>
          <reporter-output>
          </reporter-output>
        </test-method> <!-- teardown -->
        <test-method status="PASS" signature="tearDown()[pri:0, instance:website.tests.HomeTest@578486a3]" name="tearDown" is-config="true" duration-ms="75" started-at="2020-05-07T12:44:02 IST" finished-at="2020-05-07T12:44:02 IST">
          <reporter-output>
          </reporter-output>
        </test-method> <!-- tearDown -->
      </class> <!-- website.tests.HomeTest -->
      <class name="website.tests.AddToCartTest">
        <test-method status="FAIL" signature="addItemToCart()[pri:0, instance:website.tests.AddToCartTest@35d176f7]" name="addItemToCart" duration-ms="77" started-at="2020-05-07T12:39:58 IST" finished-at="2020-05-07T12:39:58 IST">
          <exception class="org.openqa.selenium.WebDriverException">
            <message>
              <![CDATA[unknown error: Element <li class="header--full-height header__dropdown header__products js-nav-link" data-header-link-label="Products">...</li> is not clickable at point (231, 37). Other element would receive the click: <div class="dialog__overlay" tabindex="-1"></div>
  (Session info: chrome=66.0.3359.117)
  (Driver info: chromedriver=2.40.565383 (76257d1ab79276b2d53ee976b2c3e3b9f335cde7),platform=Linux 4.15.0-88-generic x86_64) (WARNING: The server did not provide any stacktrace information)
Command duration or timeout: 0 milliseconds
Build info: version: '3.141.59', revision: 'e82be7d358', time: '2018-11-14T08:17:03'
System info: host: 'ce-1094', ip: '127.0.1.1', os.name: 'Linux', os.arch: 'amd64', os.version: '4.15.0-88-generic', java.version: '1.8.0_252'
Driver info: org.openqa.selenium.chrome.ChromeDriver
Capabilities {acceptInsecureCerts: false, acceptSslCerts: false, applicationCacheEnabled: false, browserConnectionEnabled: false, browserName: chrome, chrome: {chromedriverVersion: 2.40.565383 (76257d1ab79276..., userDataDir: /tmp/.org.chromium.Chromium...}, cssSelectorsEnabled: true, databaseEnabled: false, handlesAlerts: true, hasTouchScreen: false, javascriptEnabled: true, locationContextEnabled: true, mobileEmulationEnabled: false, nativeEvents: true, networkConnectionEnabled: false, pageLoadStrategy: normal, platform: LINUX, platformName: LINUX, rotatable: false, setWindowRect: true, takesHeapSnapshot: true, takesScreenshot: true, unexpectedAlertBehaviour: , unhandledPromptBehavior: , version: 66.0.3359.117, webStorageEnabled: true}
Session ID: 319c33bd42224c0f2393ab79d9b41cc4]]>
            </message>
            <full-stacktrace>
              <![CDATA[org.openqa.selenium.WebDriverException: unknown error: Element <li class="header--full-height header__dropdown header__products js-nav-link" data-header-link-label="Products">...</li> is not clickable at point (231, 37). Other element would receive the click: <div class="dialog__overlay" tabindex="-1"></div>
  (Session info: chrome=66.0.3359.117)
  (Driver info: chromedriver=2.40.565383 (76257d1ab79276b2d53ee976b2c3e3b9f335cde7),platform=Linux 4.15.0-88-generic x86_64) (WARNING: The server did not provide any stacktrace information)
Command duration or timeout: 0 milliseconds
Build info: version: '3.141.59', revision: 'e82be7d358', time: '2018-11-14T08:17:03'
System info: host: 'ce-1094', ip: '127.0.1.1', os.name: 'Linux', os.arch: 'amd64', os.version: '4.15.0-88-generic', java.version: '1.8.0_252'
Driver info: org.openqa.selenium.chrome.ChromeDriver
Capabilities {acceptInsecureCerts: false, acceptSslCerts: false, applicationCacheEnabled: false, browserConnectionEnabled: false, browserName: chrome, chrome: {chromedriverVersion: 2.40.565383 (76257d1ab79276..., userDataDir: /tmp/.org.chromium.Chromium...}, cssSelectorsEnabled: true, databaseEnabled: false, handlesAlerts: true, hasTouchScreen: false, javascriptEnabled: true, locationContextEnabled: true, mobileEmulationEnabled: false, nativeEvents: true, networkConnectionEnabled: false, pageLoadStrategy: normal, platform: LINUX, platformName: LINUX, rotatable: false, setWindowRect: true, takesHeapSnapshot: true, takesScreenshot: true, unexpectedAlertBehaviour: , unhandledPromptBehavior: , version: 66.0.3359.117, webStorageEnabled: true}
Session ID: 319c33bd42224c0f2393ab79d9b41cc4
at sun.reflect.NativeConstructorAccessorImpl.newInstance0(Native Method)
at sun.reflect.NativeConstructorAccessorImpl.newInstance(NativeConstructorAccessorImpl.java:62)
at sun.reflect.DelegatingConstructorAccessorImpl.newInstance(DelegatingConstructorAccessorImpl.java:45)
at java.lang.reflect.Constructor.newInstance(Constructor.java:423)
at org.openqa.selenium.remote.ErrorHandler.createThrowable(ErrorHandler.java:214)
at org.openqa.selenium.remote.ErrorHandler.throwIfResponseFailed(ErrorHandler.java:166)
at org.openqa.selenium.remote.http.JsonHttpResponseCodec.reconstructValue(JsonHttpResponseCodec.java:40)
at org.openqa.selenium.remote.http.AbstractHttpResponseCodec.decode(AbstractHttpResponseCodec.java:80)
at org.openqa.selenium.remote.http.AbstractHttpResponseCodec.decode(AbstractHttpResponseCodec.java:44)
at org.openqa.selenium.remote.HttpCommandExecutor.execute(HttpCommandExecutor.java:158)
at org.openqa.selenium.remote.service.DriverCommandExecutor.execute(DriverCommandExecutor.java:83)
at org.openqa.selenium.remote.RemoteWebDriver.execute(RemoteWebDriver.java:552)
at org.openqa.selenium.remote.RemoteWebElement.execute(RemoteWebElement.java:285)
at org.openqa.selenium.remote.RemoteWebElement.click(RemoteWebElement.java:84)
at sun.reflect.NativeMethodAccessorImpl.invoke0(Native Method)
at sun.reflect.NativeMethodAccessorImpl.invoke(NativeMethodAccessorImpl.java:62)
at sun.reflect.DelegatingMethodAccessorImpl.invoke(DelegatingMethodAccessorImpl.java:43)
at java.lang.reflect.Method.invoke(Method.java:498)
at org.openqa.selenium.support.pagefactory.internal.LocatingElementHandler.invoke(LocatingElementHandler.java:51)
at com.sun.proxy.$Proxy11.click(Unknown Source)
at website.pagefactory.HomePage.clickOnProducts(HomePage.java:98)
at website.tests.AddToCartTest.addItemToCart(AddToCartTest.java:22)
at sun.reflect.NativeMethodAccessorImpl.invoke0(Native Method)
at sun.reflect.NativeMethodAccessorImpl.invoke(NativeMethodAccessorImpl.java:62)
at sun.reflect.DelegatingMethodAccessorImpl.invoke(DelegatingMethodAccessorImpl.java:43)
at java.lang.reflect.Method.invoke(Method.java:498)
at org.testng.internal.MethodInvocationHelper.invokeMethod(MethodInvocationHelper.java:133)
at org.testng.internal.TestInvoker.invokeMethod(TestInvoker.java:584)
at org.testng.internal.TestInvoker.invokeTestMethod(TestInvoker.java:172)
at org.testng.internal.MethodRunner.runInSequence(MethodRunner.java:46)
at org.testng.internal.TestInvoker$MethodInvocationAgent.invoke(TestInvoker.java:804)
at org.testng.internal.TestInvoker.invokeTestMethods(TestInvoker.java:145)
at org.testng.internal.TestMethodWorker.invokeTestMethods(TestMethodWorker.java:146)
at org.testng.internal.TestMethodWorker.run(TestMethodWorker.java:128)
at java.util.ArrayList.forEach(ArrayList.java:1257)
at org.testng.TestRunner.privateRun(TestRunner.java:770)
at org.testng.TestRunner.run(TestRunner.java:591)
at org.testng.SuiteRunner.runTest(SuiteRunner.java:402)
at org.testng.SuiteRunner.runSequentially(SuiteRunner.java:396)
at org.testng.SuiteRunner.privateRun(SuiteRunner.java:355)
at org.testng.SuiteRunner.run(SuiteRunner.java:304)
at org.testng.SuiteRunnerWorker.runSuite(SuiteRunnerWorker.java:53)
at org.testng.SuiteRunnerWorker.run(SuiteRunnerWorker.java:96)
at org.testng.TestNG.runSuitesSequentially(TestNG.java:1180)
at org.testng.TestNG.runSuitesLocally(TestNG.java:1102)
at org.testng.TestNG.runSuites(TestNG.java:1032)
at org.testng.TestNG.run(TestNG.java:1000)
at org.apache.maven.surefire.testng.TestNGExecutor.run(TestNGExecutor.java:283)
at org.apache.maven.surefire.testng.TestNGXmlTestSuite.execute(TestNGXmlTestSuite.java:75)
at org.apache.maven.surefire.testng.TestNGProvider.invoke(TestNGProvider.java:120)
at org.apache.maven.surefire.booter.ForkedBooter.runSuitesInProcess(ForkedBooter.java:377)
at org.apache.maven.surefire.booter.ForkedBooter.execute(ForkedBooter.java:138)
at org.apache.maven.surefire.booter.ForkedBooter.run(ForkedBooter.java:465)
at org.apache.maven.surefire.booter.ForkedBooter.main(ForkedBooter.java:451)
]]>
            </full-stacktrace>
          </exception> <!-- org.openqa.selenium.WebDriverException -->
          <reporter-output>
          </reporter-output>
        </test-method> <!-- addItemToCart -->
        <test-method status="PASS" signature="teardown(org.testng.ITestResult)[pri:0, instance:website.tests.AddToCartTest@35d176f7]" name="teardown" is-config="true" duration-ms="144" started-at="2020-05-07T12:39:58 IST" finished-at="2020-05-07T12:39:58 IST">
          <params>
            <param index="0">
              <value>
                <![CDATA[[TestResult name=addItemToCart status=FAILURE method=AddToCartTest.addItemToCart()[pri:0, instance:website.tests.AddToCartTest@35d176f7] output={null}]]]>
              </value>
            </param>
          </params>
          <reporter-output>
          </reporter-output>
        </test-method> <!-- teardown -->
        <test-method status="PASS" signature="completeTillPayment([Ljava.lang.String;)[pri:0, instance:website.tests.AddToCartTest@35d176f7]" name="completeTillPayment" duration-ms="63802" started-at="2020-05-07T12:39:58 IST" data-provider="checkoutAsGuest" finished-at="2020-05-07T12:41:02 IST">
          <params>
            <param index="0">
              <value>
                <![CDATA[[Ljava.lang.String;@7a7d1b47]]>
              </value>
            </param>
          </params>
          <reporter-output>
          </reporter-output>
        </test-method> <!-- completeTillPayment -->
        <test-method status="PASS" signature="teardown(org.testng.ITestResult)[pri:0, instance:website.tests.AddToCartTest@35d176f7]" name="teardown" is-config="true" duration-ms="31" started-at="2020-05-07T12:41:02 IST" finished-at="2020-05-07T12:41:02 IST">
          <params>
            <param index="0">
              <value>
                <![CDATA[[TestResult name=completeTillPayment status=SUCCESS method=AddToCartTest.completeTillPayment([Ljava.lang.String;)[pri:0, instance:website.tests.AddToCartTest@35d176f7] output={null}]]]>
              </value>
            </param>
          </params>
          <reporter-output>
          </reporter-output>
        </test-method> <!-- teardown -->
        <test-method status="FAIL" signature="removeTheItemFromCart()[pri:1, instance:website.tests.AddToCartTest@35d176f7]" name="removeTheItemFromCart" duration-ms="180138" started-at="2020-05-07T12:41:02 IST" finished-at="2020-05-07T12:44:02 IST">
          <exception class="org.openqa.selenium.NoSuchElementException">
            <message>
              <![CDATA[no such element: Unable to locate element: {"method":"css selector","selector":"button[class$='remove']"}
  (Session info: chrome=66.0.3359.117)
  (Driver info: chromedriver=2.40.565383 (76257d1ab79276b2d53ee976b2c3e3b9f335cde7),platform=Linux 4.15.0-88-generic x86_64) (WARNING: The server did not provide any stacktrace information)
Command duration or timeout: 0 milliseconds
For documentation on this error, please visit: https://www.seleniumhq.org/exceptions/no_such_element.html
Build info: version: '3.141.59', revision: 'e82be7d358', time: '2018-11-14T08:17:03'
System info: host: 'ce-1094', ip: '127.0.1.1', os.name: 'Linux', os.arch: 'amd64', os.version: '4.15.0-88-generic', java.version: '1.8.0_252'
Driver info: org.openqa.selenium.chrome.ChromeDriver
Capabilities {acceptInsecureCerts: false, acceptSslCerts: false, applicationCacheEnabled: false, browserConnectionEnabled: false, browserName: chrome, chrome: {chromedriverVersion: 2.40.565383 (76257d1ab79276..., userDataDir: /tmp/.org.chromium.Chromium...}, cssSelectorsEnabled: true, databaseEnabled: false, handlesAlerts: true, hasTouchScreen: false, javascriptEnabled: true, locationContextEnabled: true, mobileEmulationEnabled: false, nativeEvents: true, networkConnectionEnabled: false, pageLoadStrategy: normal, platform: LINUX, platformName: LINUX, rotatable: false, setWindowRect: true, takesHeapSnapshot: true, takesScreenshot: true, unexpectedAlertBehaviour: , unhandledPromptBehavior: , version: 66.0.3359.117, webStorageEnabled: true}
Session ID: 319c33bd42224c0f2393ab79d9b41cc4
*** Element info: {Using=css selector, value=button[class$='remove']}]]>
            </message>
            <full-stacktrace>
              <![CDATA[org.openqa.selenium.NoSuchElementException: no such element: Unable to locate element: {"method":"css selector","selector":"button[class$='remove']"}
  (Session info: chrome=66.0.3359.117)
  (Driver info: chromedriver=2.40.565383 (76257d1ab79276b2d53ee976b2c3e3b9f335cde7),platform=Linux 4.15.0-88-generic x86_64) (WARNING: The server did not provide any stacktrace information)
Command duration or timeout: 0 milliseconds
For documentation on this error, please visit: https://www.seleniumhq.org/exceptions/no_such_element.html
Build info: version: '3.141.59', revision: 'e82be7d358', time: '2018-11-14T08:17:03'
System info: host: 'ce-1094', ip: '127.0.1.1', os.name: 'Linux', os.arch: 'amd64', os.version: '4.15.0-88-generic', java.version: '1.8.0_252'
Driver info: org.openqa.selenium.chrome.ChromeDriver
Capabilities {acceptInsecureCerts: false, acceptSslCerts: false, applicationCacheEnabled: false, browserConnectionEnabled: false, browserName: chrome, chrome: {chromedriverVersion: 2.40.565383 (76257d1ab79276..., userDataDir: /tmp/.org.chromium.Chromium...}, cssSelectorsEnabled: true, databaseEnabled: false, handlesAlerts: true, hasTouchScreen: false, javascriptEnabled: true, locationContextEnabled: true, mobileEmulationEnabled: false, nativeEvents: true, networkConnectionEnabled: false, pageLoadStrategy: normal, platform: LINUX, platformName: LINUX, rotatable: false, setWindowRect: true, takesHeapSnapshot: true, takesScreenshot: true, unexpectedAlertBehaviour: , unhandledPromptBehavior: , version: 66.0.3359.117, webStorageEnabled: true}
Session ID: 319c33bd42224c0f2393ab79d9b41cc4
*** Element info: {Using=css selector, value=button[class$='remove']}
at sun.reflect.NativeConstructorAccessorImpl.newInstance0(Native Method)
at sun.reflect.NativeConstructorAccessorImpl.newInstance(NativeConstructorAccessorImpl.java:62)
at sun.reflect.DelegatingConstructorAccessorImpl.newInstance(DelegatingConstructorAccessorImpl.java:45)
at java.lang.reflect.Constructor.newInstance(Constructor.java:423)
at org.openqa.selenium.remote.ErrorHandler.createThrowable(ErrorHandler.java:214)
at org.openqa.selenium.remote.ErrorHandler.throwIfResponseFailed(ErrorHandler.java:166)
at org.openqa.selenium.remote.http.JsonHttpResponseCodec.reconstructValue(JsonHttpResponseCodec.java:40)
at org.openqa.selenium.remote.http.AbstractHttpResponseCodec.decode(AbstractHttpResponseCodec.java:80)
at org.openqa.selenium.remote.http.AbstractHttpResponseCodec.decode(AbstractHttpResponseCodec.java:44)
at org.openqa.selenium.remote.HttpCommandExecutor.execute(HttpCommandExecutor.java:158)
at org.openqa.selenium.remote.service.DriverCommandExecutor.execute(DriverCommandExecutor.java:83)
at org.openqa.selenium.remote.RemoteWebDriver.execute(RemoteWebDriver.java:552)
at org.openqa.selenium.remote.RemoteWebDriver.findElement(RemoteWebDriver.java:323)
at org.openqa.selenium.remote.RemoteWebDriver.findElementByCssSelector(RemoteWebDriver.java:420)
at org.openqa.selenium.By$ByCssSelector.findElement(By.java:431)
at org.openqa.selenium.remote.RemoteWebDriver.findElement(RemoteWebDriver.java:315)
at org.openqa.selenium.support.pagefactory.DefaultElementLocator.findElement(DefaultElementLocator.java:69)
at org.openqa.selenium.support.pagefactory.internal.LocatingElementHandler.invoke(LocatingElementHandler.java:38)
at com.sun.proxy.$Proxy11.click(Unknown Source)
at website.pagefactory.TransactionPage.removeProduct(TransactionPage.java:83)
at website.tests.AddToCartTest.removeTheItemFromCart(AddToCartTest.java:41)
at sun.reflect.NativeMethodAccessorImpl.invoke0(Native Method)
at sun.reflect.NativeMethodAccessorImpl.invoke(NativeMethodAccessorImpl.java:62)
at sun.reflect.DelegatingMethodAccessorImpl.invoke(DelegatingMethodAccessorImpl.java:43)
at java.lang.reflect.Method.invoke(Method.java:498)
at org.testng.internal.MethodInvocationHelper.invokeMethod(MethodInvocationHelper.java:133)
at org.testng.internal.TestInvoker.invokeMethod(TestInvoker.java:584)
at org.testng.internal.TestInvoker.invokeTestMethod(TestInvoker.java:172)
at org.testng.internal.MethodRunner.runInSequence(MethodRunner.java:46)
at org.testng.internal.TestInvoker$MethodInvocationAgent.invoke(TestInvoker.java:804)
at org.testng.internal.TestInvoker.invokeTestMethods(TestInvoker.java:145)
at org.testng.internal.TestMethodWorker.invokeTestMethods(TestMethodWorker.java:146)
at org.testng.internal.TestMethodWorker.run(TestMethodWorker.java:128)
at java.util.ArrayList.forEach(ArrayList.java:1257)
at org.testng.TestRunner.privateRun(TestRunner.java:770)
at org.testng.TestRunner.run(TestRunner.java:591)
at org.testng.SuiteRunner.runTest(SuiteRunner.java:402)
at org.testng.SuiteRunner.runSequentially(SuiteRunner.java:396)
at org.testng.SuiteRunner.privateRun(SuiteRunner.java:355)
at org.testng.SuiteRunner.run(SuiteRunner.java:304)
at org.testng.SuiteRunnerWorker.runSuite(SuiteRunnerWorker.java:53)
at org.testng.SuiteRunnerWorker.run(SuiteRunnerWorker.java:96)
at org.testng.TestNG.runSuitesSequentially(TestNG.java:1180)
at org.testng.TestNG.runSuitesLocally(TestNG.java:1102)
at org.testng.TestNG.runSuites(TestNG.java:1032)
at org.testng.TestNG.run(TestNG.java:1000)
at org.apache.maven.surefire.testng.TestNGExecutor.run(TestNGExecutor.java:283)
at org.apache.maven.surefire.testng.TestNGXmlTestSuite.execute(TestNGXmlTestSuite.java:75)
at org.apache.maven.surefire.testng.TestNGProvider.invoke(TestNGProvider.java:120)
at org.apache.maven.surefire.booter.ForkedBooter.runSuitesInProcess(ForkedBooter.java:377)
at org.apache.maven.surefire.booter.ForkedBooter.execute(ForkedBooter.java:138)
at org.apache.maven.surefire.booter.ForkedBooter.run(ForkedBooter.java:465)
at org.apache.maven.surefire.booter.ForkedBooter.main(ForkedBooter.java:451)
]]>
            </full-stacktrace>
          </exception> <!-- org.openqa.selenium.NoSuchElementException -->
          <reporter-output>
          </reporter-output>
        </test-method> <!-- removeTheItemFromCart -->
        <test-method status="PASS" signature="teardown(org.testng.ITestResult)[pri:0, instance:website.tests.AddToCartTest@35d176f7]" name="teardown" is-config="true" duration-ms="126" started-at="2020-05-07T12:44:02 IST" finished-at="2020-05-07T12:44:02 IST">
          <params>
            <param index="0">
              <value>
                <![CDATA[[TestResult name=removeTheItemFromCart status=FAILURE method=AddToCartTest.removeTheItemFromCart()[pri:1, instance:website.tests.AddToCartTest@35d176f7] output={null}]]]>
              </value>
            </param>
          </params>
          <reporter-output>
          </reporter-output>
        </test-method> <!-- teardown -->
      </class> <!-- website.tests.AddToCartTest -->
      <class name="website.tests.SearchTest">
        <test-method status="PASS" signature="verifySearchFunction(java.lang.String)[pri:0, instance:website.tests.SearchTest@551aa95a]" name="verifySearchFunction" duration-ms="8385" started-at="2020-05-07T12:39:42 IST" data-provider="websiteSearch" finished-at="2020-05-07T12:39:51 IST">
          <params>
            <param index="0">
              <value>
                <![CDATA[Ovens]]>
              </value>
            </param>
          </params>
          <reporter-output>
          </reporter-output>
        </test-method> <!-- verifySearchFunction -->
        <test-method status="PASS" signature="teardown(org.testng.ITestResult)[pri:0, instance:website.tests.SearchTest@551aa95a]" name="teardown" is-config="true" duration-ms="30" started-at="2020-05-07T12:39:51 IST" finished-at="2020-05-07T12:39:51 IST">
          <params>
            <param index="0">
              <value>
                <![CDATA[[TestResult name=verifySearchFunction status=SUCCESS method=SearchTest.verifySearchFunction(java.lang.String)[pri:0, instance:website.tests.SearchTest@551aa95a] output={null}]]]>
              </value>
            </param>
          </params>
          <reporter-output>
          </reporter-output>
        </test-method> <!-- teardown -->
        <test-method status="PASS" signature="verifySearchFunction(java.lang.String)[pri:0, instance:website.tests.SearchTest@551aa95a]" name="verifySearchFunction" duration-ms="6845" started-at="2020-05-07T12:39:51 IST" data-provider="websiteSearch" finished-at="2020-05-07T12:39:58 IST">
          <params>
            <param index="0">
              <value>
                <![CDATA[Toasters]]>
              </value>
            </param>
          </params>
          <reporter-output>
          </reporter-output>
        </test-method> <!-- verifySearchFunction -->
        <test-method status="PASS" signature="teardown(org.testng.ITestResult)[pri:0, instance:website.tests.SearchTest@551aa95a]" name="teardown" is-config="true" duration-ms="41" started-at="2020-05-07T12:39:58 IST" finished-at="2020-05-07T12:39:58 IST">
          <params>
            <param index="0">
              <value>
                <![CDATA[[TestResult name=verifySearchFunction status=SUCCESS method=SearchTest.verifySearchFunction(java.lang.String)[pri:0, instance:website.tests.SearchTest@551aa95a] output={null}]]]>
              </value>
            </param>
          </params>
          <reporter-output>
          </reporter-output>
        </test-method> <!-- teardown -->
      </class> <!-- website.tests.SearchTest -->
    </test> <!-- Test -->
  </suite> <!-- Suite -->
</testng-results>
