<?xml version="1.0" encoding="UTF-8"?>
<!-- Generated by org.testng.reporters.JUnitXMLReporter -->
<testsuite hostname="DESKTOP-N72SF5G" ignored="3" name="Command line test" tests="1" failures="0" timestamp="10 Sep 2020 16:42:34 GMT" time="0.014" errors="0">
  <testcase name="@BeforeTest setUp" time="0.0" classname="website.base.BaseTest">
    <failure type="org.testng.TestNGException" message="
Parameter &amp;apos;browser&amp;apos; is required by BeforeTest on method setUp but has not been marked @Optional or defined
">
      <![CDATA[org.testng.TestNGException: 
Parameter 'browser' is required by BeforeTest on method setUp but has not been marked @Optional or defined

at website.tests.TestRunner.main(TestRunner.java:14)
... Removed 18 stack frames]]>
    </failure>
  </testcase> <!-- @BeforeTest setUp -->
  <testcase name="@AfterMethod teardown" time="0.0" classname="website.base.BaseTest">
    <skipped/>
  </testcase> <!-- @AfterMethod teardown -->
  <testcase name="@AfterTest tearDown" time="0.0" classname="website.base.BaseTest">
    <skipped/>
  </testcase> <!-- @AfterTest tearDown -->
  <testcase name="tc_01_PlaceAndOrder" time="0.0" classname="website.tests.SanityCheck_UAT">
    <skipped/>
  </testcase> <!-- tc_01_PlaceAndOrder -->
  <testcase name="@BeforeSuite initBaseConfig" time="0.0" classname="website.base.BaseTest">
    <ignored/>
  </testcase> <!-- @BeforeSuite initBaseConfig -->
  <testcase name="@BeforeTest setUp" time="0.0" classname="website.base.BaseTest">
    <ignored/>
  </testcase> <!-- @BeforeTest setUp -->
  <testcase name="@AfterTest tearDown" time="0.0" classname="website.base.BaseTest">
    <ignored/>
  </testcase> <!-- @AfterTest tearDown -->
</testsuite> <!-- Command line test -->
