<?xml version="1.0" encoding="UTF-8"?>
<testng-results skipped="0" failed="1" ignored="6" total="15" passed="8">
  <reporter-output>
  </reporter-output>
  <suite name="Suite" duration-ms="313224" started-at="2020-05-07T12:45:20 IST" finished-at="2020-05-07T12:50:33 IST">
    <groups>
    </groups>
    <test name="Test" duration-ms="313224" started-at="2020-05-07T12:45:20 IST" finished-at="2020-05-07T12:50:33 IST">
      <class name="website.tests.HomeTest">
        <test-method status="PASS" signature="initBaseConfig()[pri:0, instance:website.tests.HomeTest@4d3167f4]" name="initBaseConfig" is-config="true" duration-ms="99" started-at="2020-05-07T12:45:20 IST" finished-at="2020-05-07T12:45:20 IST">
          <reporter-output>
          </reporter-output>
        </test-method> <!-- initBaseConfig -->
        <test-method status="PASS" signature="setUp(java.lang.String)[pri:0, instance:website.tests.HomeTest@4d3167f4]" name="setUp" is-config="true" duration-ms="17062" started-at="2020-05-07T12:45:20 IST" finished-at="2020-05-07T12:45:37 IST">
          <params>
            <param index="0">
              <value>
                <![CDATA[chrome]]>
              </value>
            </param>
          </params>
          <reporter-output>
          </reporter-output>
        </test-method> <!-- setUp -->
        <test-method status="PASS" signature="verifyHomePage()[pri:0, instance:website.tests.HomeTest@4d3167f4]" name="verifyHomePage" duration-ms="11" started-at="2020-05-07T12:45:37 IST" finished-at="2020-05-07T12:45:37 IST">
          <reporter-output>
          </reporter-output>
        </test-method> <!-- verifyHomePage -->
        <test-method status="PASS" signature="teardown(org.testng.ITestResult)[pri:0, instance:website.tests.HomeTest@4d3167f4]" name="teardown" is-config="true" duration-ms="221" started-at="2020-05-07T12:45:37 IST" finished-at="2020-05-07T12:45:37 IST">
          <params>
            <param index="0">
              <value>
                <![CDATA[[TestResult name=verifyHomePage status=SUCCESS method=HomeTest.verifyHomePage()[pri:0, instance:website.tests.HomeTest@4d3167f4] output={null}]]]>
              </value>
            </param>
          </params>
          <reporter-output>
          </reporter-output>
        </test-method> <!-- teardown -->
        <test-method status="PASS" signature="verifyLabels()[pri:1, instance:website.tests.HomeTest@4d3167f4]" name="verifyLabels" duration-ms="336" started-at="2020-05-07T12:45:37 IST" finished-at="2020-05-07T12:45:38 IST">
          <reporter-output>
          </reporter-output>
        </test-method> <!-- verifyLabels -->
        <test-method status="PASS" signature="teardown(org.testng.ITestResult)[pri:0, instance:website.tests.HomeTest@4d3167f4]" name="teardown" is-config="true" duration-ms="33" started-at="2020-05-07T12:45:38 IST" finished-at="2020-05-07T12:45:38 IST">
          <params>
            <param index="0">
              <value>
                <![CDATA[[TestResult name=verifyLabels status=SUCCESS method=HomeTest.verifyLabels()[pri:1, instance:website.tests.HomeTest@4d3167f4] output={null}]]]>
              </value>
            </param>
          </params>
          <reporter-output>
          </reporter-output>
        </test-method> <!-- teardown -->
        <test-method status="PASS" signature="verifyProducts()[pri:2, instance:website.tests.HomeTest@4d3167f4]" name="verifyProducts" duration-ms="352" started-at="2020-05-07T12:45:38 IST" finished-at="2020-05-07T12:45:38 IST">
          <reporter-output>
          </reporter-output>
        </test-method> <!-- verifyProducts -->
        <test-method status="PASS" signature="teardown(org.testng.ITestResult)[pri:0, instance:website.tests.HomeTest@4d3167f4]" name="teardown" is-config="true" duration-ms="40" started-at="2020-05-07T12:45:38 IST" finished-at="2020-05-07T12:45:38 IST">
          <params>
            <param index="0">
              <value>
                <![CDATA[[TestResult name=verifyProducts status=SUCCESS method=HomeTest.verifyProducts()[pri:2, instance:website.tests.HomeTest@4d3167f4] output={null}]]]>
              </value>
            </param>
          </params>
          <reporter-output>
          </reporter-output>
        </test-method> <!-- teardown -->
        <test-method status="PASS" signature="verifyPartsAndAccessories()[pri:3, instance:website.tests.HomeTest@4d3167f4]" name="verifyPartsAndAccessories" duration-ms="667" started-at="2020-05-07T12:45:38 IST" finished-at="2020-05-07T12:45:39 IST">
          <reporter-output>
          </reporter-output>
        </test-method> <!-- verifyPartsAndAccessories -->
        <test-method status="PASS" signature="teardown(org.testng.ITestResult)[pri:0, instance:website.tests.HomeTest@4d3167f4]" name="teardown" is-config="true" duration-ms="34" started-at="2020-05-07T12:45:39 IST" finished-at="2020-05-07T12:45:39 IST">
          <params>
            <param index="0">
              <value>
                <![CDATA[[TestResult name=verifyPartsAndAccessories status=SUCCESS method=HomeTest.verifyPartsAndAccessories()[pri:3, instance:website.tests.HomeTest@4d3167f4] output={null}]]]>
              </value>
            </param>
          </params>
          <reporter-output>
          </reporter-output>
        </test-method> <!-- teardown -->
        <test-method status="PASS" signature="tearDown()[pri:0, instance:website.tests.HomeTest@4d3167f4]" name="tearDown" is-config="true" duration-ms="79" started-at="2020-05-07T12:50:33 IST" finished-at="2020-05-07T12:50:33 IST">
          <reporter-output>
          </reporter-output>
        </test-method> <!-- tearDown -->
      </class> <!-- website.tests.HomeTest -->
      <class name="website.tests.AddToCartTest">
        <test-method status="PASS" signature="addItemToCart()[pri:0, instance:website.tests.AddToCartTest@6121c9d6]" name="addItemToCart" duration-ms="40024" started-at="2020-05-07T12:45:54 IST" finished-at="2020-05-07T12:46:34 IST">
          <reporter-output>
          </reporter-output>
        </test-method> <!-- addItemToCart -->
        <test-method status="PASS" signature="teardown(org.testng.ITestResult)[pri:0, instance:website.tests.AddToCartTest@6121c9d6]" name="teardown" is-config="true" duration-ms="29" started-at="2020-05-07T12:46:34 IST" finished-at="2020-05-07T12:46:34 IST">
          <params>
            <param index="0">
              <value>
                <![CDATA[[TestResult name=addItemToCart status=SUCCESS method=AddToCartTest.addItemToCart()[pri:0, instance:website.tests.AddToCartTest@6121c9d6] output={null}]]]>
              </value>
            </param>
          </params>
          <reporter-output>
          </reporter-output>
        </test-method> <!-- teardown -->
        <test-method status="PASS" signature="completeTillPayment([Ljava.lang.String;)[pri:0, instance:website.tests.AddToCartTest@6121c9d6]" name="completeTillPayment" duration-ms="58882" started-at="2020-05-07T12:46:34 IST" data-provider="checkoutAsGuest" finished-at="2020-05-07T12:47:33 IST">
          <params>
            <param index="0">
              <value>
                <![CDATA[[Ljava.lang.String;@6ecab872]]>
              </value>
            </param>
          </params>
          <reporter-output>
          </reporter-output>
        </test-method> <!-- completeTillPayment -->
        <test-method status="PASS" signature="teardown(org.testng.ITestResult)[pri:0, instance:website.tests.AddToCartTest@6121c9d6]" name="teardown" is-config="true" duration-ms="34" started-at="2020-05-07T12:47:33 IST" finished-at="2020-05-07T12:47:33 IST">
          <params>
            <param index="0">
              <value>
                <![CDATA[[TestResult name=completeTillPayment status=SUCCESS method=AddToCartTest.completeTillPayment([Ljava.lang.String;)[pri:0, instance:website.tests.AddToCartTest@6121c9d6] output={null}]]]>
              </value>
            </param>
          </params>
          <reporter-output>
          </reporter-output>
        </test-method> <!-- teardown -->
        <test-method status="FAIL" signature="removeTheItemFromCart()[pri:1, instance:website.tests.AddToCartTest@6121c9d6]" name="removeTheItemFromCart" duration-ms="180165" started-at="2020-05-07T12:47:33 IST" finished-at="2020-05-07T12:50:33 IST">
          <exception class="org.openqa.selenium.NoSuchElementException">
            <message>
              <![CDATA[no such element: Unable to locate element: {"method":"css selector","selector":"button[class$='remove']"}
  (Session info: chrome=66.0.3359.117)
  (Driver info: chromedriver=2.40.565383 (76257d1ab79276b2d53ee976b2c3e3b9f335cde7),platform=Linux 4.15.0-88-generic x86_64) (WARNING: The server did not provide any stacktrace information)
Command duration or timeout: 0 milliseconds
For documentation on this error, please visit: https://www.seleniumhq.org/exceptions/no_such_element.html
Build info: version: '3.141.59', revision: 'e82be7d358', time: '2018-11-14T08:17:03'
System info: host: 'ce-1094', ip: '127.0.1.1', os.name: 'Linux', os.arch: 'amd64', os.version: '4.15.0-88-generic', java.version: '1.8.0_252'
Driver info: org.openqa.selenium.chrome.ChromeDriver
Capabilities {acceptInsecureCerts: false, acceptSslCerts: false, applicationCacheEnabled: false, browserConnectionEnabled: false, browserName: chrome, chrome: {chromedriverVersion: 2.40.565383 (76257d1ab79276..., userDataDir: /tmp/.org.chromium.Chromium...}, cssSelectorsEnabled: true, databaseEnabled: false, handlesAlerts: true, hasTouchScreen: false, javascriptEnabled: true, locationContextEnabled: true, mobileEmulationEnabled: false, nativeEvents: true, networkConnectionEnabled: false, pageLoadStrategy: normal, platform: LINUX, platformName: LINUX, rotatable: false, setWindowRect: true, takesHeapSnapshot: true, takesScreenshot: true, unexpectedAlertBehaviour: , unhandledPromptBehavior: , version: 66.0.3359.117, webStorageEnabled: true}
Session ID: 63dd30776d09c2256ebea1626a5db960
*** Element info: {Using=css selector, value=button[class$='remove']}]]>
            </message>
            <full-stacktrace>
              <![CDATA[org.openqa.selenium.NoSuchElementException: no such element: Unable to locate element: {"method":"css selector","selector":"button[class$='remove']"}
  (Session info: chrome=66.0.3359.117)
  (Driver info: chromedriver=2.40.565383 (76257d1ab79276b2d53ee976b2c3e3b9f335cde7),platform=Linux 4.15.0-88-generic x86_64) (WARNING: The server did not provide any stacktrace information)
Command duration or timeout: 0 milliseconds
For documentation on this error, please visit: https://www.seleniumhq.org/exceptions/no_such_element.html
Build info: version: '3.141.59', revision: 'e82be7d358', time: '2018-11-14T08:17:03'
System info: host: 'ce-1094', ip: '127.0.1.1', os.name: 'Linux', os.arch: 'amd64', os.version: '4.15.0-88-generic', java.version: '1.8.0_252'
Driver info: org.openqa.selenium.chrome.ChromeDriver
Capabilities {acceptInsecureCerts: false, acceptSslCerts: false, applicationCacheEnabled: false, browserConnectionEnabled: false, browserName: chrome, chrome: {chromedriverVersion: 2.40.565383 (76257d1ab79276..., userDataDir: /tmp/.org.chromium.Chromium...}, cssSelectorsEnabled: true, databaseEnabled: false, handlesAlerts: true, hasTouchScreen: false, javascriptEnabled: true, locationContextEnabled: true, mobileEmulationEnabled: false, nativeEvents: true, networkConnectionEnabled: false, pageLoadStrategy: normal, platform: LINUX, platformName: LINUX, rotatable: false, setWindowRect: true, takesHeapSnapshot: true, takesScreenshot: true, unexpectedAlertBehaviour: , unhandledPromptBehavior: , version: 66.0.3359.117, webStorageEnabled: true}
Session ID: 63dd30776d09c2256ebea1626a5db960
*** Element info: {Using=css selector, value=button[class$='remove']}
at sun.reflect.NativeConstructorAccessorImpl.newInstance0(Native Method)
at sun.reflect.NativeConstructorAccessorImpl.newInstance(NativeConstructorAccessorImpl.java:62)
at sun.reflect.DelegatingConstructorAccessorImpl.newInstance(DelegatingConstructorAccessorImpl.java:45)
at java.lang.reflect.Constructor.newInstance(Constructor.java:423)
at org.openqa.selenium.remote.ErrorHandler.createThrowable(ErrorHandler.java:214)
at org.openqa.selenium.remote.ErrorHandler.throwIfResponseFailed(ErrorHandler.java:166)
at org.openqa.selenium.remote.http.JsonHttpResponseCodec.reconstructValue(JsonHttpResponseCodec.java:40)
at org.openqa.selenium.remote.http.AbstractHttpResponseCodec.decode(AbstractHttpResponseCodec.java:80)
at org.openqa.selenium.remote.http.AbstractHttpResponseCodec.decode(AbstractHttpResponseCodec.java:44)
at org.openqa.selenium.remote.HttpCommandExecutor.execute(HttpCommandExecutor.java:158)
at org.openqa.selenium.remote.service.DriverCommandExecutor.execute(DriverCommandExecutor.java:83)
at org.openqa.selenium.remote.RemoteWebDriver.execute(RemoteWebDriver.java:552)
at org.openqa.selenium.remote.RemoteWebDriver.findElement(RemoteWebDriver.java:323)
at org.openqa.selenium.remote.RemoteWebDriver.findElementByCssSelector(RemoteWebDriver.java:420)
at org.openqa.selenium.By$ByCssSelector.findElement(By.java:431)
at org.openqa.selenium.remote.RemoteWebDriver.findElement(RemoteWebDriver.java:315)
at org.openqa.selenium.support.pagefactory.DefaultElementLocator.findElement(DefaultElementLocator.java:69)
at org.openqa.selenium.support.pagefactory.internal.LocatingElementHandler.invoke(LocatingElementHandler.java:38)
at com.sun.proxy.$Proxy13.click(Unknown Source)
at website.pagefactory.TransactionPage.removeProduct(TransactionPage.java:83)
at website.tests.AddToCartTest.removeTheItemFromCart(AddToCartTest.java:41)
at sun.reflect.NativeMethodAccessorImpl.invoke0(Native Method)
at sun.reflect.NativeMethodAccessorImpl.invoke(NativeMethodAccessorImpl.java:62)
at sun.reflect.DelegatingMethodAccessorImpl.invoke(DelegatingMethodAccessorImpl.java:43)
at java.lang.reflect.Method.invoke(Method.java:498)
at org.testng.internal.MethodInvocationHelper.invokeMethod(MethodInvocationHelper.java:134)
at org.testng.internal.TestInvoker.invokeMethod(TestInvoker.java:597)
at org.testng.internal.TestInvoker.invokeTestMethod(TestInvoker.java:173)
at org.testng.internal.MethodRunner.runInSequence(MethodRunner.java:46)
at org.testng.internal.TestInvoker$MethodInvocationAgent.invoke(TestInvoker.java:816)
at org.testng.internal.TestInvoker.invokeTestMethods(TestInvoker.java:146)
at org.testng.internal.TestMethodWorker.invokeTestMethods(TestMethodWorker.java:146)
at org.testng.internal.TestMethodWorker.run(TestMethodWorker.java:128)
at java.util.ArrayList.forEach(ArrayList.java:1257)
at org.testng.TestRunner.privateRun(TestRunner.java:766)
at org.testng.TestRunner.run(TestRunner.java:587)
at org.testng.SuiteRunner.runTest(SuiteRunner.java:384)
at org.testng.SuiteRunner.runSequentially(SuiteRunner.java:378)
at org.testng.SuiteRunner.privateRun(SuiteRunner.java:337)
at org.testng.SuiteRunner.run(SuiteRunner.java:286)
at org.testng.SuiteRunnerWorker.runSuite(SuiteRunnerWorker.java:53)
at org.testng.SuiteRunnerWorker.run(SuiteRunnerWorker.java:96)
at org.testng.TestNG.runSuitesSequentially(TestNG.java:1187)
at org.testng.TestNG.runSuitesLocally(TestNG.java:1109)
at org.testng.TestNG.runSuites(TestNG.java:1039)
at org.testng.TestNG.run(TestNG.java:1007)
at org.testng.remote.AbstractRemoteTestNG.run(AbstractRemoteTestNG.java:115)
at org.testng.remote.RemoteTestNG.initAndRun(RemoteTestNG.java:251)
at org.testng.remote.RemoteTestNG.main(RemoteTestNG.java:77)
]]>
            </full-stacktrace>
          </exception> <!-- org.openqa.selenium.NoSuchElementException -->
          <reporter-output>
          </reporter-output>
        </test-method> <!-- removeTheItemFromCart -->
        <test-method status="PASS" signature="teardown(org.testng.ITestResult)[pri:0, instance:website.tests.AddToCartTest@6121c9d6]" name="teardown" is-config="true" duration-ms="161" started-at="2020-05-07T12:50:33 IST" finished-at="2020-05-07T12:50:33 IST">
          <params>
            <param index="0">
              <value>
                <![CDATA[[TestResult name=removeTheItemFromCart status=FAILURE method=AddToCartTest.removeTheItemFromCart()[pri:1, instance:website.tests.AddToCartTest@6121c9d6] output={null}]]]>
              </value>
            </param>
          </params>
          <reporter-output>
          </reporter-output>
        </test-method> <!-- teardown -->
      </class> <!-- website.tests.AddToCartTest -->
      <class name="website.tests.SearchTest">
        <test-method status="PASS" signature="verifySearchFunction(java.lang.String)[pri:0, instance:website.tests.SearchTest@ed9d034]" name="verifySearchFunction" duration-ms="7115" started-at="2020-05-07T12:45:39 IST" data-provider="websiteSearch" finished-at="2020-05-07T12:45:46 IST">
          <params>
            <param index="0">
              <value>
                <![CDATA[Ovens]]>
              </value>
            </param>
          </params>
          <reporter-output>
          </reporter-output>
        </test-method> <!-- verifySearchFunction -->
        <test-method status="PASS" signature="teardown(org.testng.ITestResult)[pri:0, instance:website.tests.SearchTest@ed9d034]" name="teardown" is-config="true" duration-ms="31" started-at="2020-05-07T12:45:46 IST" finished-at="2020-05-07T12:45:46 IST">
          <params>
            <param index="0">
              <value>
                <![CDATA[[TestResult name=verifySearchFunction status=SUCCESS method=SearchTest.verifySearchFunction(java.lang.String)[pri:0, instance:website.tests.SearchTest@ed9d034] output={null}]]]>
              </value>
            </param>
          </params>
          <reporter-output>
          </reporter-output>
        </test-method> <!-- teardown -->
        <test-method status="PASS" signature="verifySearchFunction(java.lang.String)[pri:0, instance:website.tests.SearchTest@ed9d034]" name="verifySearchFunction" duration-ms="7274" started-at="2020-05-07T12:45:46 IST" data-provider="websiteSearch" finished-at="2020-05-07T12:45:54 IST">
          <params>
            <param index="0">
              <value>
                <![CDATA[Toasters]]>
              </value>
            </param>
          </params>
          <reporter-output>
          </reporter-output>
        </test-method> <!-- verifySearchFunction -->
        <test-method status="PASS" signature="teardown(org.testng.ITestResult)[pri:0, instance:website.tests.SearchTest@ed9d034]" name="teardown" is-config="true" duration-ms="40" started-at="2020-05-07T12:45:54 IST" finished-at="2020-05-07T12:45:54 IST">
          <params>
            <param index="0">
              <value>
                <![CDATA[[TestResult name=verifySearchFunction status=SUCCESS method=SearchTest.verifySearchFunction(java.lang.String)[pri:0, instance:website.tests.SearchTest@ed9d034] output={null}]]]>
              </value>
            </param>
          </params>
          <reporter-output>
          </reporter-output>
        </test-method> <!-- teardown -->
      </class> <!-- website.tests.SearchTest -->
    </test> <!-- Test -->
  </suite> <!-- Suite -->
</testng-results>
